timestamp: 2013-05-06T07:06:00.354275
CREATE TABLE auth_user(
    id INTEGER PRIMARY KEY AUTOINCREMENT,
    first_name CHAR(128),
    last_name CHAR(128),
    email CHAR(512),
    password CHAR(512),
    registration_key CHAR(512),
    reset_password_key CHAR(512),
    registration_id CHAR(512)
);
success!
timestamp: 2013-05-06T07:06:00.362709
CREATE TABLE auth_group(
    id INTEGER PRIMARY KEY AUTOINCREMENT,
    role CHAR(512),
    description TEXT
);
success!
timestamp: 2013-05-06T07:06:00.364471
CREATE TABLE auth_membership(
    id INTEGER PRIMARY KEY AUTOINCREMENT,
    user_id INTEGER REFERENCES auth_user (id) ON DELETE CASCADE,
    group_id INTEGER REFERENCES auth_group (id) ON DELETE CASCADE
);
success!
timestamp: 2013-05-06T07:06:00.366963
CREATE TABLE auth_permission(
    id INTEGER PRIMARY KEY AUTOINCREMENT,
    group_id INTEGER REFERENCES auth_group (id) ON DELETE CASCADE,
    name CHAR(512),
    table_name CHAR(512),
    record_id INTEGER
);
success!
timestamp: 2013-05-06T07:06:00.369052
CREATE TABLE auth_event(
    id INTEGER PRIMARY KEY AUTOINCREMENT,
    time_stamp TIMESTAMP,
    client_ip CHAR(512),
    user_id INTEGER REFERENCES auth_user (id) ON DELETE CASCADE,
    origin CHAR(512),
    description TEXT
);
success!
timestamp: 2013-05-06T07:06:00.371707
CREATE TABLE auth_cas(
    id INTEGER PRIMARY KEY AUTOINCREMENT,
    user_id INTEGER REFERENCES auth_user (id) ON DELETE CASCADE,
    created_on TIMESTAMP,
    service CHAR(512),
    ticket CHAR(512),
    renew CHAR(1)
);
success!
timestamp: 2013-09-20T21:56:25.274748
ALTER TABLE auth_user ADD username CHAR(128);
success!
timestamp: 2013-09-20T22:35:04.018845
CREATE TABLE chore(
    id INTEGER PRIMARY KEY AUTOINCREMENT,
    chore_name CHAR(256),
    chore_value DOUBLE
);
success!
timestamp: 2013-09-20T22:35:04.021294
CREATE TABLE job(
    id INTEGER PRIMARY KEY AUTOINCREMENT,
    chore INTEGER REFERENCES chore (id) ON DELETE CASCADE,
    child INTEGER REFERENCES auth_user (id) ON DELETE CASCADE,
    job_date DATE,
    approver INTEGER REFERENCES auth_user (id) ON DELETE CASCADE
);
success!
